
; 64tass Turbo Assembler Macro V1.59.3120 listing file
; 64tass -b --mr65c02 -Wall -L build/basic.lst -o build/basic.bin basic.asm
; Fri Dec  1 20:47:52 2023

;Offset	;Hex		;Monitor	;Source

;******  Processing input file: basic.asm

.c000	4c 03 c0	jmp $c003	boot:	jmp 	cold
.c003					cold:
.c003	a9 00		lda #$00			lda 	#(Program & $FF)
.c005	85 3a		sta $3a				sta 	codePtr
.c007	a9 c8		lda #$c8			lda 	#(Program >> 8)+1
.c009	85 3b		sta $3b				sta 	codePtr+1
.c00b	a0 04		ldy #$04			ldy 	#4
.c00d	20 ba c1	jsr $c1ba			jsr 	EXPEvaluateExpressionRestart
>c010	03						.byte 	3
.c011	80 fe		bra $c011	h1:		bra 	h1

;******  Processing file: _include.inc


;******  Processing file: sources/00data/00data_config.inc


;******  Return to file: _include.inc


;******  Processing file: sources/00data/01data.inc

=65280					ControlCommand = ControlPort+0
=65281					ControlFunction = ControlPort+1
=65282					ControlError = ControlPort+2
=65283					ControlStatus = ControlPort+3
=8					StackSize = 8
=$c0					XS_TYPEMASK = $C0
=$80					XS_TYPEBIT = $80
=$20					XS_ISREFERENCE = $20
=$10					XS_ISBYTEREFERENCE = $10
.0010					XSStack:
.0010					XSControl:
>0010							.fill 	StackSize
.0018					XSNumber0:
>0018							.fill 	StackSize
.0020					XSNumber1:
>0020							.fill 	StackSize
.0028					XSNumber2:
>0028							.fill 	StackSize
.0030					XSNumber3:
>0030							.fill 	StackSize
.0038					zTemp0:
>0038							.fill 	2
.003a					CodePtr:
>003a							.fill 	2

;******  Return to file: _include.inc


;******  Processing file: sources/arithmetic/binary/binary.inc


;******  Return to file: _include.inc


;******  Processing file: sources/generated/errors.inc


;******  Return to file: _include.inc


;******  Processing file: sources/generated/kwdconst.inc

=$20					KWD_PLUS                           = $20 ; +
=$21					KWD_MINUS                          = $21 ; -
=$22					KWD_ASTERISK                       = $22 ; *
=$23					KWD_SLASH                          = $23 ; /
=$24					KWD_GREATERGREATER                 = $24 ; >>
=$25					KWD_LESSLESS                       = $25 ; <<
=$26					KWD_PERCENT                        = $26 ; %
=$27					KWD_BACKSLASH                      = $27 ; \
=$28					KWD_AMPERSAND                      = $28 ; &
=$29					KWD_VBAR                           = $29 ; |
=$2a					KWD_HAT                            = $2a ; ^
=$2b					KWD_GREATER                        = $2b ; >
=$2c					KWD_GREATEREQUAL                   = $2c ; >=
=$2d					KWD_LESS                           = $2d ; <
=$2e					KWD_LESSEQUAL                      = $2e ; <=
=$2f					KWD_LESSGREATER                    = $2f ; <>
=$30					KWD_EQUAL                          = $30 ; =
=$31					KWD_PLING                          = $31 ; !
=$32					KWD_QMARK                          = $32 ; ?
=$80					KWD_SYS_STR                        = $80 ; !!str
=$81					KWD_DOLLAR                         = $81 ; $
=$82					KWD_LPAREN                         = $82 ; (
=$83					KWD_RANDLPAREN                     = $83 ; rand(
=$84					KWD_RNDLPAREN                      = $84 ; rnd(
=$85					KWD_ISVALLPAREN                    = $85 ; isval(
=$86					KWD_INTLPAREN                      = $86 ; int(
=$87					KWD_TIME                           = $87 ; time
=$88					KWD_EVENTLPAREN                    = $88 ; event(
=$89					KWD_INKEYDOLLARLPAREN              = $89 ; inkey$(
=$8a					KWD_ASCLPAREN                      = $8a ; asc(
=$8b					KWD_CHRDOLLARLPAREN                = $8b ; chr$(
=$8c					KWD_SQRLPAREN                      = $8c ; sqr(
=$8d					KWD_LENLPAREN                      = $8d ; len(
=$8e					KWD_ABSLPAREN                      = $8e ; abs(
=$8f					KWD_SGNLPAREN                      = $8f ; sgn(
=$90					KWD_VALLPAREN                      = $90 ; val(
=$91					KWD_STRDOLLARLPAREN                = $91 ; str$(
=$92					KWD_MIDDOLLARLPAREN                = $92 ; mid$(
=$93					KWD_LEFTDOLLARLPAREN               = $93 ; left$(
=$94					KWD_RIGHTDOLLARLPAREN              = $94 ; right$(
=$95					KWD_SINLPAREN                      = $95 ; sin(
=$96					KWD_COSLPAREN                      = $96 ; cos(
=$97					KWD_TANLPAREN                      = $97 ; tan(
=$98					KWD_ATANLPAREN                     = $98 ; atan(
=$99					KWD_SQRTLPAREN                     = $99 ; sqrt(
=$9a					KWD_LOGLPAREN                      = $9a ; log(
=$9b					KWD_EXPLPAREN                      = $9b ; exp(
=$9c					KWD_KEYLPAREN                      = $9c ; key(
=$b0					KWD_WHILE                          = $b0 ; while
=$b1					KWD_WEND                           = $b1 ; wend
=$b2					KWD_IF                             = $b2 ; if
=$b3					KWD_ENDIF                          = $b3 ; endif
=$b4					KWD_DO                             = $b4 ; do
=$b5					KWD_LOOP                           = $b5 ; loop
=$b6					KWD_REPEAT                         = $b6 ; repeat
=$b7					KWD_UNTIL                          = $b7 ; until
=$b8					KWD_PROC                           = $b8 ; proc
=$b9					KWD_ENDPROC                        = $b9 ; endproc
=$ba					KWD_FOR                            = $ba ; for
=$bb					KWD_NEXT                           = $bb ; next
=$bc					KWD_CASE                           = $bc ; case
=$bd					KWD_ENDCASE                        = $bd ; endcase
=$be					KWD_SYS_UN1                        = $be ; !!un1
=$bf					KWD_THEN                           = $bf ; then
=$c0					KWD_SYS_END                        = $c0 ; !!end
=$c1					KWD_SYS_SH1                        = $c1 ; !!sh1
=$c2					KWD_SYS_SH2                        = $c2 ; !!sh2
=$c3					KWD_SYS_DEC                        = $c3 ; !!dec
=$c4					KWD_TO                             = $c4 ; to
=$c5					KWD_LET                            = $c5 ; let
=$c6					KWD_PRINT                          = $c6 ; print
=$c7					KWD_INPUT                          = $c7 ; input
=$c8					KWD_CALL                           = $c8 ; call
=$c9					KWD_SYS                            = $c9 ; sys
=$ca					KWD_EXIT                           = $ca ; exit
=$cb					KWD_COMMA                          = $cb ; ,
=$cc					KWD_SEMICOLON                      = $cc ; ;
=$cd					KWD_COLON                          = $cd ; :
=$ce					KWD_SQUOTE                         = $ce ; '
=$cf					KWD_RPAREN                         = $cf ; )
=$d0					KWD_READ                           = $d0 ; read
=$d1					KWD_DATA                           = $d1 ; data
=$d2					KWD_LSQ                            = $d2 ; [
=$d3					KWD_RSQ                            = $d3 ; ]
=$d4					KWD_HASH                           = $d4 ; #
=$d5					KWD_PERIOD                         = $d5 ; .
=$d6					KWD_ELSE                           = $d6 ; else
=$d7					KWD_WHEN                           = $d7 ; when
=$d8					KWD_DOWNTO                         = $d8 ; downto
=$180					KWD_CLEAR                          = $180 ; clear
=$181					KWD_NEW                            = $181 ; new
=$182					KWD_RUN                            = $182 ; run
=$183					KWD_STOP                           = $183 ; stop
=$184					KWD_END                            = $184 ; end
=$185					KWD_ASSERT                         = $185 ; assert
=$186					KWD_LIST                           = $186 ; list
=$187					KWD_SAVE                           = $187 ; save
=$188					KWD_LOAD                           = $188 ; load
=$189					KWD_GOSUB                          = $189 ; gosub
=$18a					KWD_GOTO                           = $18a ; goto
=$18b					KWD_RETURN                         = $18b ; return
=$18c					KWD_RESTORE                        = $18c ; restore
=$18d					KWD_DIM                            = $18d ; dim

;******  Return to file: _include.inc


;******  Processing file: sources/generated/neo6502.inc

=$ff00					ControlPort = $ff00
=$ffee					ReadCharacter = $ffee
=$fff1					WriteCharacter = $fff1
=$fff4					WaitMessage = $fff4
=$fff7					SendMessage = $fff7

;******  Return to file: _include.inc


;******  Processing file: sources/arithmetic/binary/compare.asm

.c013					CMPReturnTrue:
.c013	a9 ff		lda #$ff			lda 	#$FF
.c015	80 02		bra $c019			bra 	CMPSetTOS
.c017					CMPReturnFalse:
.c017	a2 00		ldx #$00			ldx 	#0
.c019					CMPSetTOS:
.c019	95 30		sta $30,x			sta 	XSNumber3,x
.c01b	95 28		sta $28,x			sta 	XSNumber2,x
.c01d	95 20		sta $20,x			sta 	XSNumber1,x
.c01f	95 18		sta $18,x			sta 	XSNumber0,x
.c021	74 10		stz $10,x			stz 	XSControl,x
.c023	4c c2 c1	jmp $c1c2			jmp 	EXPRMainLoop
.c026					CMPCompareEqual:
.c026	20 5c c0	jsr $c05c			jsr 	CMPCompareBaseCode
.c029	c9 00		cmp #$00			cmp 	#0
.c02b	f0 e6		beq $c013			beq 	CMPReturnTrue
.c02d	80 e8		bra $c017			bra 	CMPReturnFalse
.c02f					CMPCompareLess:
.c02f	20 5c c0	jsr $c05c			jsr 	CMPCompareBaseCode
.c032	c9 ff		cmp #$ff			cmp 	#$FF
.c034	f0 dd		beq $c013			beq 	CMPReturnTrue
.c036	80 df		bra $c017			bra 	CMPReturnFalse
.c038					CMPCompareGreater:
.c038	20 5c c0	jsr $c05c			jsr 	CMPCompareBaseCode
.c03b	c9 01		cmp #$01			cmp 	#1
.c03d	f0 d4		beq $c013			beq 	CMPReturnTrue
.c03f	80 d6		bra $c017			bra 	CMPReturnFalse
.c041					CMPCompareNotEqual:
.c041	20 5c c0	jsr $c05c			jsr 	CMPCompareBaseCode
.c044	c9 00		cmp #$00			cmp 	#0
.c046	d0 cb		bne $c013			bne 	CMPReturnTrue
.c048	80 cd		bra $c017			bra 	CMPReturnFalse
.c04a					CMPCompareLessEqual:
.c04a	20 5c c0	jsr $c05c			jsr 	CMPCompareBaseCode
.c04d	c9 01		cmp #$01			cmp 	#1
.c04f	d0 c2		bne $c013			bne 	CMPReturnTrue
.c051	80 c4		bra $c017			bra 	CMPReturnFalse
.c053					CMPCompareGreaterEqual:
.c053	20 5c c0	jsr $c05c			jsr 	CMPCompareBaseCode
.c056	c9 ff		cmp #$ff			cmp 	#$FF
.c058	d0 b9		bne $c013			bne 	CMPReturnTrue
.c05a	80 bb		bra $c017			bra 	CMPReturnFalse
.c05c					CMPCompareBaseCode:
>c05c	03						.byte 	3
.c05d	20 4d c1	jsr $c14d			jsr 	DereferenceCheckTypes 		; dereference, check types match.
.c060	30 0b		bmi $c06d			bmi 	_CMPTypeError
.c062	70 0e		bvs $c072			bvs 	_CMPString 					; string ?
.c064	a9 06		lda #$06			lda 	#6 							; use coprocessor to compare
.c066	20 2d c3	jsr $c32d			jsr 	DOMathCommand
.c069	ad 03 ff	lda $ff03			lda 	ControlStatus 				; get result.
.c06c	60		rts				rts
.c06d					_CMPTypeError:
.c06d	a9 02		lda #$02		lda	#2
.c06f	4c 0f c8	jmp $c80f		jmp	ErrorHandler
.c072					_CMPString:
>c072	03						.byte 	3

;******  Return to file: _include.inc


;******  Processing file: sources/arithmetic/binary/mathint.asm

.c073					BinaryAnd:
.c073	20 4d c1	jsr $c14d			jsr 	DereferenceCheckTypes
.c076	20 3f c1	jsr $c13f			jsr 	MICheckBothInteger
.c079	b5 18		lda $18,x			lda 	XSNumber0,x
.c07b	35 19		and $19,x			and 		XSNumber0+1,x
.c07d	95 18		sta $18,x			sta 	XSNumber0,x
.c07f	b5 20		lda $20,x			lda 	XSNumber1,x
.c081	35 21		and $21,x			and 		XSNumber1+1,x
.c083	95 20		sta $20,x			sta 	XSNumber1,x
.c085	b5 28		lda $28,x			lda 	XSNumber2,x
.c087	35 29		and $29,x			and 		XSNumber2+1,x
.c089	95 28		sta $28,x			sta 	XSNumber2,x
.c08b	b5 30		lda $30,x			lda 	XSNumber3,x
.c08d	35 31		and $31,x			and 		XSNumber3+1,x
.c08f	95 30		sta $30,x			sta 	XSNumber3,x
.c091	4c c2 c1	jmp $c1c2			jmp 	EXPRMainLoop
.c094					BinaryXor:
.c094	20 4d c1	jsr $c14d			jsr 	DereferenceCheckTypes
.c097	20 3f c1	jsr $c13f			jsr 	MICheckBothInteger
.c09a	b5 18		lda $18,x			lda 	XSNumber0,x
.c09c	55 19		eor $19,x			eor 		XSNumber0+1,x
.c09e	95 18		sta $18,x			sta 	XSNumber0,x
.c0a0	b5 20		lda $20,x			lda 	XSNumber1,x
.c0a2	55 21		eor $21,x			eor 		XSNumber1+1,x
.c0a4	95 20		sta $20,x			sta 	XSNumber1,x
.c0a6	b5 28		lda $28,x			lda 	XSNumber2,x
.c0a8	55 29		eor $29,x			eor 		XSNumber2+1,x
.c0aa	95 28		sta $28,x			sta 	XSNumber2,x
.c0ac	b5 30		lda $30,x			lda 	XSNumber3,x
.c0ae	55 31		eor $31,x			eor 		XSNumber3+1,x
.c0b0	95 30		sta $30,x			sta 	XSNumber3,x
.c0b2	4c c2 c1	jmp $c1c2			jmp 	EXPRMainLoop
.c0b5					BinaryOr:
.c0b5	20 4d c1	jsr $c14d			jsr 	DereferenceCheckTypes
.c0b8	20 3f c1	jsr $c13f			jsr 	MICheckBothInteger
.c0bb	b5 18		lda $18,x			lda 	XSNumber0,x
.c0bd	15 19		ora $19,x			ora 		XSNumber0+1,x
.c0bf	95 18		sta $18,x			sta 	XSNumber0,x
.c0c1	b5 20		lda $20,x			lda 	XSNumber1,x
.c0c3	15 21		ora $21,x			ora 		XSNumber1+1,x
.c0c5	95 20		sta $20,x			sta 	XSNumber1,x
.c0c7	b5 28		lda $28,x			lda 	XSNumber2,x
.c0c9	15 29		ora $29,x			ora 		XSNumber2+1,x
.c0cb	95 28		sta $28,x			sta 	XSNumber2,x
.c0cd	b5 30		lda $30,x			lda 	XSNumber3,x
.c0cf	15 31		ora $31,x			ora 		XSNumber3+1,x
.c0d1	95 30		sta $30,x			sta 	XSNumber3,x
.c0d3	4c c2 c1	jmp $c1c2			jmp 	EXPRMainLoop
.c0d6					BinaryShiftLeft:
.c0d6	38		sec				sec
.c0d7	80 01		bra $c0da			bra 	BinaryShift
.c0d9					BinaryShiftRight:
.c0d9	18		clc				clc
.c0da					BinaryShift:
.c0da	08		php				php									; save direction, CS left CC right.
.c0db	20 4d c1	jsr $c14d			jsr 	DereferenceCheckTypes
.c0de	20 3f c1	jsr $c13f			jsr 	MICheckBothInteger
.c0e1	b5 19		lda $19,x			lda 	XSNumber0+1,x 				; if shift >=32 will be zero
.c0e3	29 e0		and #$e0			and 	#$E0
.c0e5	15 21		ora $21,x			ora 	XSNumber1+1,x
.c0e7	15 22		ora $22,x			ora 	XSNumber1+2,x
.c0e9	15 23		ora $23,x			ora 	XSNumber1+3,x
.c0eb	d0 20		bne $c10d			bne 	_BSIsZero
.c0ed	b5 19		lda $19,x			lda 	XSNumber0+1,x 				; check zero at start
.c0ef	f0 24		beq $c115			beq 	_BSExit
.c0f1					_BSLoop:
.c0f1	28		plp				plp 								; access diection
.c0f2	08		php				php
.c0f3	b0 0a		bcs $c0ff			bcs 	_BSLeft
.c0f5	56 30		lsr $30,x			lsr 	XSNumber3,x 				; shift right
.c0f7	76 28		ror $28,x			ror 	XSNumber2,x
.c0f9	76 20		ror $20,x			ror 	XSNumber1,x
.c0fb	76 18		ror $18,x			ror 	XSNumber0,x
.c0fd	80 08		bra $c107			bra 	_BSExitLoop
.c0ff					_BSLeft:
.c0ff	16 18		asl $18,x			asl 	XSNumber0,x 				; shift left
.c101	36 20		rol $20,x			rol 	XSNumber1,x
.c103	36 28		rol $28,x			rol 	XSNumber2,x
.c105	36 30		rol $30,x			rol 	XSNumber3,x
.c107					_BSExitLoop:
.c107	d6 19		dec $19,x			dec 	XSNumber0+1,x 				; do that many times
.c109	d0 e6		bne $c0f1			bne 	_BSLoop
.c10b	80 08		bra $c115			bra 	_BSExit
.c10d					_BSIsZero:
.c10d	74 18		stz $18,x			stz 	XSNumber0,x					; return zero.
.c10f	74 20		stz $20,x			stz 	XSNumber1,x
.c111	74 28		stz $28,x			stz 	XSNumber2,x
.c113	74 30		stz $30,x			stz 	XSNumber3,x
.c115					_BSExit:
.c115	28		plp				plp 								; throw direction.
.c116	4c c2 c1	jmp $c1c2			jmp 	EXPRMainLoop
.c119					BinRefWord:
.c119	a9 20		lda #$20			lda 	#XS_ISREFERENCE
.c11b	80 02		bra $c11f			bra 	BinRefMain
.c11d					BinRefByte:
.c11d	a9 30		lda #$30			lda 	#XS_ISREFERENCE|XS_ISBYTEREFERENCE
.c11f					BinRefMain:
.c11f	48		pha				pha
.c120	18		clc				clc
.c121	b5 18		lda $18,x			lda 	XSNumber0,x
.c123	75 19		adc $19,x			adc 		XSNumber0+1,x
.c125	95 18		sta $18,x			sta 	XSNumber0,x
.c127	b5 20		lda $20,x			lda 	XSNumber1,x
.c129	75 21		adc $21,x			adc 		XSNumber1+1,x
.c12b	95 20		sta $20,x			sta 	XSNumber1,x
.c12d	b5 28		lda $28,x			lda 	XSNumber2,x
.c12f	75 29		adc $29,x			adc 		XSNumber2+1,x
.c131	95 28		sta $28,x			sta 	XSNumber2,x
.c133	b5 30		lda $30,x			lda 	XSNumber3,x
.c135	75 31		adc $31,x			adc 		XSNumber3+1,x
.c137	95 30		sta $30,x			sta 	XSNumber3,x
.c139	68		pla				pla
.c13a	95 10		sta $10,x			sta 	XSControl,x
.c13c	4c c2 c1	jmp $c1c2			jmp 	EXPRMainLoop
.c13f					MICheckBothInteger:
.c13f	b5 10		lda $10,x			lda 	XSControl,x
.c141	15 10		ora $10,x			ora 	XSControl,x
.c143	29 c0		and #$c0			and 	#$C0
.c145	d0 01		bne $c148			bne 	_MICBIType
.c147	60		rts				rts
.c148					_MICBIType:
.c148	a9 02		lda #$02		lda	#2
.c14a	4c 0f c8	jmp $c80f		jmp	ErrorHandler

;******  Return to file: _include.inc


;******  Processing file: sources/arithmetic/binary/mathstd.asm

.c14d					DereferenceCheckTypes:
.c14d	20 b9 c1	jsr $c1b9			jsr 	DereferenceTerm 			; dereference first
.c150	e8		inx				inx
.c151	20 b9 c1	jsr $c1b9			jsr 	DereferenceTerm 			; dereference second
.c154	ca		dex				dex
.c155	b5 10		lda $10,x			lda 	XSControl,x 				; eor top bits, so non zero if different.
.c157	55 11		eor $11,x			eor 	XSControl+1,x
.c159	30 03		bmi $c15e			bmi 	DRCType 					; type mismatch.
.c15b	34 10		bit $10,x			bit 	XSControl,x 				; and set NV from the actual type
.c15d	60		rts				rts
.c15e					DRCType:
.c15e	a9 02		lda #$02		lda	#2
.c160	4c 0f c8	jmp $c80f		jmp	ErrorHandler
.c163					BinaryAdd:
.c163	20 4d c1	jsr $c14d			jsr 	DereferenceCheckTypes
.c166	30 f6		bmi $c15e			bmi 	DRCType
.c168	a9 00		lda #$00			lda 	#0
.c16a	20 2d c3	jsr $c32d			jsr 	DoMathCommand
.c16d	4c c2 c1	jmp $c1c2			jmp 	EXPRMainLoop
.c170					BinaryMinus:
.c170	20 4d c1	jsr $c14d			jsr 	DereferenceCheckTypes
.c173	30 e9		bmi $c15e			bmi 	DRCType
.c175	a9 01		lda #$01			lda 	#1
.c177	20 2d c3	jsr $c32d			jsr 	DoMathCommand
.c17a	4c c2 c1	jmp $c1c2			jmp 	EXPRMainLoop
.c17d					BinaryTimes:
.c17d	20 4d c1	jsr $c14d			jsr 	DereferenceCheckTypes
.c180	30 dc		bmi $c15e			bmi 	DRCType
.c182	a9 02		lda #$02			lda 	#2
.c184	20 2d c3	jsr $c32d			jsr 	DoMathCommand
.c187	4c c2 c1	jmp $c1c2			jmp 	EXPRMainLoop
.c18a					BinaryFDiv:
.c18a	20 4d c1	jsr $c14d			jsr 	DereferenceCheckTypes
.c18d	30 cf		bmi $c15e			bmi 	DRCType
.c18f	a9 03		lda #$03			lda 	#3
.c191	20 2d c3	jsr $c32d			jsr 	DoMathCommand
.c194					BinaryCheckResult:
.c194	ad 02 ff	lda $ff02			lda 	ControlError
.c197	d0 03		bne $c19c			bne 	_BCRError
.c199	4c c2 c1	jmp $c1c2			jmp 	EXPRMainLoop
.c19c					_BCRError:
.c19c	a9 03		lda #$03		lda	#3
.c19e	4c 0f c8	jmp $c80f		jmp	ErrorHandler
.c1a1					BinaryUDiv:
.c1a1	20 4d c1	jsr $c14d			jsr 	DereferenceCheckTypes
.c1a4	30 b8		bmi $c15e			bmi 	DRCType
.c1a6	a9 04		lda #$04			lda 	#4
.c1a8	20 2d c3	jsr $c32d			jsr 	DoMathCommand
.c1ab	80 e7		bra $c194			bra 	BinaryCheckResult
.c1ad					BinaryModulus:
.c1ad	20 4d c1	jsr $c14d			jsr 	DereferenceCheckTypes
.c1b0	30 ac		bmi $c15e			bmi 	DRCType
.c1b2	a9 05		lda #$05			lda 	#5
.c1b4	20 2d c3	jsr $c32d			jsr 	DoMathCommand
.c1b7	80 db		bra $c194			bra 	BinaryCheckResult

;******  Return to file: _include.inc


;******  Processing file: sources/arithmetic/dereference.asm

.c1b9					DereferenceTerm:
.c1b9	60		rts				rts

;******  Return to file: _include.inc


;******  Processing file: sources/arithmetic/expression.asm

.c1ba					EXPEvaluateExpressionRestart:
.c1ba	a2 00		ldx #$00			ldx 	#0 							; start from base of stack.
.c1bc					EXPEvaluateExpression:
.c1bc	a9 00		lda #$00			lda 	#0 							; current precedence is 0.
.c1be					EXPEvaluateExpressionPrecedenceA:
.c1be	48		pha				pha		 							; push on stack.
.c1bf	20 3b c2	jsr $c23b			jsr 	EvaluateTerm 				; evaluate term at this level.
.c1c2					EXPRMainLoop:
.c1c2	b1 3a		lda ($3a),y			lda 	(codePtr),y 				; what follows needs to be a binary operator
.c1c4	29 e0		and #$e0			and 	#$E0 						; is it $20-$3F, e.g. a binary operator.
.c1c6	c9 20		cmp #$20			cmp 	#$20
.c1c8	d0 2e		bne $c1f8			bne 	_EEExit
.c1ca	da		phx				phx 			 					; get binary precedence for current operator -> zTemp0+1
.c1cb	b1 3a		lda ($3a),y			lda 	(codePtr),y 				; get the operator again
.c1cd	aa		tax				tax
.c1ce	bd 4c c5	lda $c54c,x			lda 	BinaryPrecedence-$20,x 		; get the binary operator precedence.
.c1d1	85 39		sta $39				sta 	zTemp0+1
.c1d3	fa		plx				plx
.c1d4	68		pla				pla 								; restore current precedence.
.c1d5	c5 39		cmp $39				cmp 	zTemp0+1 					; if >= operator precedence then exit
.c1d7	b0 20		bcs $c1f9			bcs 	_EEExit2
.c1d9	48		pha				pha 								; save current precedence on the 6502 stack.
.c1da	b1 3a		lda ($3a),y			lda 	(codePtr),y 				; get the operator back.
.c1dc	c8		iny				iny 								; consume operator.
.c1dd	48		pha				pha 								; save the operator.
.c1de	a5 39		lda $39				lda 	zTemp0+1					; get precedence of operator
.c1e0	e8		inx				inx 								; space for it on the stack and do the RHS.
.c1e1	20 be c1	jsr $c1be			jsr 	EXPEvaluateExpressionPrecedenceA
.c1e4	ca		dex				dex 								; back to original value.
.c1e5	68		pla				pla 								; load operator
.c1e6	29 1f		and #$1f			and 	#$1F 						; mask out bits
.c1e8	0a		asl a				asl 	a 							; double as look up table, also Clear Carry
.c1e9	69 7f		adc #$7f			adc 	#(BinaryVectorTable & $FF) 	; work out the address to do the indirect jump.
.c1eb	8d f6 c1	sta $c1f6			sta 	_EXPRIndirectJump+1
.c1ee	a9 c5		lda #$c5			lda 	#(BinaryVectorTable >> 8)
.c1f0	69 00		adc #$00			adc 	#0
.c1f2	8d f7 c1	sta $c1f7			sta 	_EXPRIndirectJump+2
.c1f5					_EXPRIndirectJump:
.c1f5	6c ff ff	jmp ($ffff)			jmp 	($FFFF) 					; jump to the code routine, loops back to EXPRMainLoop
.c1f8					_EEExit:
.c1f8	68		pla				pla 								; throw precedence
.c1f9					_EEExit2:
.c1f9	60		rts				rts

;******  Return to file: _include.inc


;******  Processing file: sources/arithmetic/exprutils.asm

.c1fa					EXPEvalNumber:
.c1fa	20 bc c1	jsr $c1bc			jsr 	EXPEvaluateExpression 		; get a value
.c1fd	20 b9 c1	jsr $c1b9			jsr 	DereferenceTerm 			; dereference it
.c200	34 10		bit $10,x			bit 	XSControl,x	 				; fail if string
.c202	30 01		bmi $c205			bmi 	EVUType
.c204	60		rts				rts
.c205					EVUType:
.c205	a9 02		lda #$02		lda	#2
.c207	4c 0f c8	jmp $c80f		jmp	ErrorHandler
.c20a					EXPEvalInteger:
.c20a	20 fa c1	jsr $c1fa			jsr 	EXPEvalNumber 				; get number, coeerce to integer.
.c20d	34 10		bit $10,x			bit 	XSControl,x 				; integer ?
.c20f	f0 05		beq $c216			beq 	_EEIExit
.c211	a9 11		lda #$11			lda 	#17 						; no, make it integer
.c213	20 2d c3	jsr $c32d			jsr 	DOMathCommand
.c216					_EEIExit:
.c216	60		rts				rts
.c217					EXPEvalInteger16:
.c217	20 0a c2	jsr $c20a			jsr 	EXPEvalInteger 				; get integer
.c21a	b5 30		lda $30,x			lda 	XSNumber3,x
.c21c	15 28		ora $28,x			ora 	XSNumber2,x
.c21e	d0 16		bne $c236			bne 	EVURange
.c220	60		rts				rts
.c221					EXPEvalInteger8:
.c221	20 0a c2	jsr $c20a			jsr 	EXPEvalInteger 				; get integer
.c224	b5 20		lda $20,x			lda 	XSNumber1,x 				; range 00-FF
.c226	d0 0e		bne $c236			bne 	EVURange
.c228	b5 18		lda $18,x			lda 	XSNumber0,x
.c22a	60		rts				rts
.c22b					EXPEvalString:
.c22b	20 bc c1	jsr $c1bc			jsr 	EXPEvaluateExpression 		; get a value
.c22e	20 b9 c1	jsr $c1b9			jsr 	DereferenceTerm 			; dereference it
.c231	34 10		bit $10,x			bit 	XSControl,x	 				; fail if string
.c233	10 d0		bpl $c205			bpl 	EVUType
.c235	60		rts				rts
.c236					EVURange:
.c236	a9 04		lda #$04		lda	#4
.c238	4c 0f c8	jmp $c80f		jmp	ErrorHandler

;******  Return to file: _include.inc


;******  Processing file: sources/arithmetic/term.asm

.c23b					EvaluateTerm:
.c23b	b1 3a		lda ($3a),y			lda 	(CodePtr),y 				; get next token
.c23d	30 0a		bmi $c249			bmi 	_ETKeyword 					; is it a keyword (80-FF) ?
.c23f	0a		asl a				asl		a							; is it a number (40-7F)
.c240	10 1f		bpl $c261			bpl		_ETIdentifierOrSpecial 		; if 00-3F then it is an identifier, or a multi purpose unary ! ? -
.c242	20 c6 c2	jsr $c2c6			jsr 	ExtractTokenisedInteger
.c245	20 0c c3	jsr $c30c			jsr 	CheckFollowingDecimal
.c248	60		rts				rts
.c249					_ETKeyword:
.c249	c9 b0		cmp #$b0			cmp 	#$B0 						; is it a unary function ?
.c24b	b0 36		bcs $c283			bcs 	_ETSyntax
.c24d	da		phx				phx
.c24e	0a		asl a				asl 	a 							; access address to jump
.c24f	aa		tax				tax
.c250	bd c1 c5	lda $c5c1,x			lda 	StandardVectorTable,x
.c253	8d 5f c2	sta $c25f			sta 	_ETVector+1
.c256	bd c2 c5	lda $c5c2,x			lda 	StandardVectorTable+1,x
.c259	8d 60 c2	sta $c260			sta 	_ETVector+2
.c25c	fa		plx				plx 								; restore stack pos and go there.
.c25d	c8		iny				iny 								; consume
.c25e					_ETVector:
.c25e	4c ff ff	jmp $ffff			jmp 	$FFFF
.c261					_ETIdentifierOrSpecial:
.c261	0a		asl a			 	asl 	a 							; bit 5 now in sign slot
.c262	10 40		bpl $c2a4		 	bpl 	_ETIsIdentifier  			; 0 it is 00-1F e.g. identifier
.c264	b1 3a		lda ($3a),y		 	lda 	(codePtr),y 				; get and consume. clearer than reuse
.c266	c8		iny			 	iny
.c267	c9 21		cmp #$21		 	cmp 	#KWD_MINUS 					; negation.
.c269	d0 10		bne $c27b		 	bne 	_ETCheckReference
.c26b	20 3b c2	jsr $c23b		 	jsr 	EvaluateTerm 				; it's minus *something*.
.c26e	20 b9 c1	jsr $c1b9		 	jsr 	DereferenceTerm 			; dereference it.
.c271	b5 10		lda $10,x		 	lda 	XSControl,x 				; numeric term ?
.c273	30 2a		bmi $c29f		 	bmi 	_ETBadType
.c275	a9 10		lda #$10		 	lda 	#16 						; negation function - needs optimising for ints
.c277	20 2d c3	jsr $c32d		 	jsr 	DoMathCommand 				; work it out
.c27a	60		rts			 	rts
.c27b					_ETCheckReference:
.c27b	c9 32		cmp #$32			cmp 	#KWD_QMARK
.c27d	f0 09		beq $c288			beq 	_ETHaveReference
.c27f	49 31		eor #$31			eor 	#KWD_PLING
.c281	f0 05		beq $c288			beq 	_ETHaveReference
.c283					_ETSyntax:
.c283	a9 01		lda #$01		lda	#1
.c285	4c 0f c8	jmp $c80f		jmp	ErrorHandler
.c288					_ETHaveReference:
.c288	48		pha				pha 								; save type.
.c289	20 3b c2	jsr $c23b		 	jsr 	EvaluateTerm 				; get reference address
.c28c	20 b9 c1	jsr $c1b9		 	jsr 	DereferenceTerm
.c28f	b5 10		lda $10,x		 	lda 	XSControl,x 				; must be integer
.c291	29 c0		and #$c0		 	and 	#XS_TYPEMASK
.c293	d0 0a		bne $c29f		 	bne 	_ETBadType
.c295	68		pla			 	pla 								; get type of reference back
.c296	f0 02		beq $c29a		 	beq 	_ETIsWord 					; if zero, it's a word reference
.c298	a9 10		lda #$10		 	lda 	#XS_ISBYTEREFERENCE
.c29a					_ETIsWord:
.c29a	09 20		ora #$20			ora 	#XS_ISREFERENCE 			; now $20 / $30 for word/byte reference
.c29c	95 10		sta $10,x			sta 	XSControl,x 				; update type
.c29e	60		rts				rts
.c29f					_ETBadType:
.c29f	a9 02		lda #$02		lda	#2
.c2a1	4c 0f c8	jmp $c80f		jmp	ErrorHandler
.c2a4					_ETIsIdentifier:
>c2a4	03						.byte 	3
.c2a5	b1 3a		lda ($3a),y			lda 	(codePtr),y 				; get the MSB of the identifier address.
.c2a7	c8		iny				iny
.c2a8	18		clc				clc
.c2a9	69 c7		adc #$c7			adc 	#Program >> 8 				; convert to a real address.
.c2ab	95 20		sta $20,x			sta 	XSNumber1,x
.c2ad	85 39		sta $39				sta 	zTemp0+1
.c2af	b1 3a		lda ($3a),y			lda 	(codePtr),y 				; LSB - on a page boundary
.c2b1	95 18		sta $18,x			sta 	XSNumber0,x
.c2b3	85 38		sta $38				sta 	zTemp0
.c2b5	74 28		stz $28,x			stz 	XSNumber2,x 				; neatness
.c2b7	74 30		stz $30,x			stz 	XSNumber3,x
.c2b9	5a		phy				phy 								; read and update the type/control
.c2ba	a0 04		ldy #$04			ldy 	#4
.c2bc	b1 38		lda ($38),y			lda 	(zTemp0),y
.c2be	29 c0		and #$c0			and 	#XS_TYPEMASK 				; type info
.c2c0	09 20		ora #$20			ora 	#XS_ISREFERENCE 			; set reference bit (is word)
.c2c2	7a		ply				ply
.c2c3	95 10		sta $10,x			sta 	XSControl,x
.c2c5	60		rts				rts
.c2c6					ExtractTokenisedInteger:
.c2c6	b1 3a		lda ($3a),y			lda 	(codePtr),y 				; get first token, known to be 40-7F
.c2c8	29 3f		and #$3f			and 	#$3F 						; mask off upper bits
.c2ca	95 18		sta $18,x			sta 	XSNumber0,x 				; initial value.
.c2cc	74 20		stz $20,x			stz 	XSNumber1,x
.c2ce	74 28		stz $28,x			stz 	XSNumber2,x
.c2d0	74 30		stz $30,x			stz 	XSNumber3,x
.c2d2	74 10		stz $10,x			stz 	XSControl,x 				; integer constant
.c2d4					_ETConstant:
.c2d4	c8		iny				iny 								; look at next
.c2d5	b1 3a		lda ($3a),y			lda 	(CodePtr),y
.c2d7	29 c0		and #$c0			and 	#$C0 						; is it $40..$7F
.c2d9	c9 40		cmp #$40			cmp 	#$40
.c2db	d0 2e		bne $c30b			bne 	_ETExit
.c2dd	b5 30		lda $30,x			lda 	XSNumber3,x 				; save the upper byte.
.c2df	48		pha				pha
.c2e0	b5 28		lda $28,x			lda 	XSNumber2,x 				; multiply old by 256
.c2e2	95 30		sta $30,x			sta 	XSNumber3,x
.c2e4	b5 20		lda $20,x			lda 	XSNumber1,x
.c2e6	95 28		sta $28,x			sta 	XSNumber2,x
.c2e8	b5 18		lda $18,x			lda 	XSNumber0,x
.c2ea	95 20		sta $20,x			sta 	XSNumber1,x
.c2ec	74 18		stz $18,x			stz 	XSNumber0,x
.c2ee	68		pla				pla 								; old MS Byte
.c2ef	4a		lsr a				lsr 	a 							; shift right twice
.c2f0	76 30		ror $30,x			ror 	XSNumber3,x
.c2f2	76 28		ror $28,x			ror 	XSNumber2,x
.c2f4	76 20		ror $20,x			ror 	XSNumber1,x
.c2f6	76 18		ror $18,x			ror 	XSNumber0,x
.c2f8	4a		lsr a				lsr 	a
.c2f9	76 30		ror $30,x			ror 	XSNumber3,x
.c2fb	76 28		ror $28,x			ror 	XSNumber2,x
.c2fd	76 20		ror $20,x			ror 	XSNumber1,x
.c2ff	76 18		ror $18,x			ror 	XSNumber0,x
.c301	b1 3a		lda ($3a),y			lda 	(codePtr),y 				; or the lower 6 bits in.
.c303	29 3f		and #$3f			and 	#$3F
.c305	15 18		ora $18,x			ora 	XSNumber0,x
.c307	95 18		sta $18,x			sta 	XSNumber0,x
.c309	80 c9		bra $c2d4			bra 	_ETConstant
.c30b					_ETExit:
.c30b	60		rts				rts
.c30c					CheckFollowingDecimal:
.c30c	b1 3a		lda ($3a),y			lda 	(CodePtr),y 				; what follows ?
.c30e	c9 c3		cmp #$c3			cmp 	#KWD_SYS_DEC 				; decimal ?
.c310	d0 1a		bne $c32c			bne 	_CFDExit
.c312	98		tya				tya 								; get address of decimal data
.c313	1a		inc a				inc 	a
.c314	38		sec				sec
.c315	65 3a		adc $3a				adc 	CodePtr
.c317	8d 08 ff	sta $ff08			sta 	ControlPort+8 				; param slot 2 = address of decimal data.
.c31a	a5 3b		lda $3b				lda 	CodePtr+1
.c31c	69 00		adc #$00			adc 	#0
.c31e	8d 09 ff	sta $ff09			sta 	ControlPort+9
.c321	a9 20		lda #$20			lda 	#32 						; decimal expand code.
.c323	20 2d c3	jsr $c32d			jsr 	DoMathCommand
.c326	c8		iny				iny 								; get length and add it +1 for the length
.c327	98		tya				tya
.c328	38		sec				sec
.c329	71 3a		adc ($3a),y			adc 	(CodePtr),y
.c32b	a8		tay				tay
.c32c					_CFDExit:
.c32c	60		rts				rts
.c32d					DoMathCommand:
.c32d	48		pha				pha
.c32e	20 f4 ff	jsr $fff4		jsr 	WaitMessage
.c331	8d 01 ff	sta $ff01			sta 	ControlFunction
.c334	8a		txa				txa
.c335	18		clc				clc
.c336	69 10		adc #$10			adc 	#XSStack & $FF
.c338	8d 04 ff	sta $ff04			sta 	ControlPort+4
.c33b	a9 00		lda #$00			lda 	#XSStack >> 8
.c33d	69 00		adc #$00			adc 	#0
.c33f	8d 05 ff	sta $ff05			sta 	ControlPort+5
.c342	a9 08		lda #$08			lda 	#8
.c344	8d 06 ff	sta $ff06			sta 	ControlPort+6
.c347	a9 04		lda #$04			lda 	#4
.c349	8d 00 ff	sta $ff00			sta 	ControlCommand 				; do command
.c34c	20 f4 ff	jsr $fff4		jsr 	WaitMessage
.c34f	68		pla				pla				; wait for result.
.c350	60		rts				rts

;******  Return to file: _include.inc


;******  Processing file: sources/arithmetic/unary/simple.asm

.c351					UnaryParenthesis:
>c351	03						.byte 	3
.c352	20 bc c1	jsr $c1bc			jsr 	EXPEvaluateExpression 		; evaluate at stack level X
.c355	4c 7b c6	jmp $c67b			jmp 	ERRCheckRParen	 			; check )

;******  Return to file: _include.inc


;******  Processing file: sources/generated/errors.asm

.c358					ErrorMessageText:
>c358	73 79 6e 74 61 78 20 65			.text	"syntax error",0
>c360	72 72 6f 72 00
>c365	74 79 70 65 20 6d 69 73			.text	"type mismatch error",0
>c36d	6d 61 74 63 68 20 65 72 72 6f 72 00
>c379	64 69 76 69 73 69 6f 6e			.text	"division by zero error",0
>c381	20 62 79 20 7a 65 72 6f 20 65 72 72 6f 72 00
>c390	6f 75 74 20 6f 66 20 72			.text	"out of range error",0
>c398	61 6e 67 65 20 65 72 72 6f 72 00

;******  Return to file: _include.inc


;******  Processing file: sources/generated/kwdtext.asm

.c3a3					BinaryTokenText:
>c3a3	01 ab					.byte	$01,$ab                       	; $ 20 +
>c3a5	01 ad					.byte	$01,$ad                       	; $ 21 -
>c3a7	01 aa					.byte	$01,$aa                       	; $ 22 *
>c3a9	01 af					.byte	$01,$af                       	; $ 23 /
>c3ab	02 3e be				.byte	$02,$3e,$be                   	; $ 24 >>
>c3ae	02 3c bc				.byte	$02,$3c,$bc                   	; $ 25 <<
>c3b1	01 a5					.byte	$01,$a5                       	; $ 26 %
>c3b3	01 dc					.byte	$01,$dc                       	; $ 27 \
>c3b5	01 a6					.byte	$01,$a6                       	; $ 28 &
>c3b7	01 fc					.byte	$01,$fc                       	; $ 29 |
>c3b9	01 de					.byte	$01,$de                       	; $ 2a ^
>c3bb	01 be					.byte	$01,$be                       	; $ 2b >
>c3bd	02 3e bd				.byte	$02,$3e,$bd                   	; $ 2c >=
>c3c0	01 bc					.byte	$01,$bc                       	; $ 2d <
>c3c2	02 3c bd				.byte	$02,$3c,$bd                   	; $ 2e <=
>c3c5	02 3c be				.byte	$02,$3c,$be                   	; $ 2f <>
>c3c8	01 bd					.byte	$01,$bd                       	; $ 30 =
>c3ca	01 a1					.byte	$01,$a1                       	; $ 31 !
>c3cc	01 bf					.byte	$01,$bf                       	; $ 32 ?
>c3ce	ff					.byte	$FF
.c3cf					BaseTokenText:
>c3cf	00					.byte	$00                           	; $ 80
>c3d0	01 a4					.byte	$01,$a4                       	; $ 81 $
>c3d2	01 a8					.byte	$01,$a8                       	; $ 82 (
>c3d4	05 52 41 4e 44 a8			.byte	$05,$52,$41,$4e,$44,$a8       	; $ 83 RAND(
>c3da	04 52 4e 44 a8				.byte	$04,$52,$4e,$44,$a8           	; $ 84 RND(
>c3df	06 49 53 56 41 4c a8			.byte	$06,$49,$53,$56,$41,$4c,$a8   	; $ 85 ISVAL(
>c3e6	04 49 4e 54 a8				.byte	$04,$49,$4e,$54,$a8           	; $ 86 INT(
>c3eb	04 54 49 4d c5				.byte	$04,$54,$49,$4d,$c5           	; $ 87 TIME
>c3f0	06 45 56 45 4e 54 a8			.byte	$06,$45,$56,$45,$4e,$54,$a8   	; $ 88 EVENT(
>c3f7	07 49 4e 4b 45 59 24 a8			.byte	$07,$49,$4e,$4b,$45,$59,$24,$a8	; $ 89 INKEY$(
>c3ff	04 41 53 43 a8				.byte	$04,$41,$53,$43,$a8           	; $ 8a ASC(
>c404	05 43 48 52 24 a8			.byte	$05,$43,$48,$52,$24,$a8       	; $ 8b CHR$(
>c40a	04 53 51 52 a8				.byte	$04,$53,$51,$52,$a8           	; $ 8c SQR(
>c40f	04 4c 45 4e a8				.byte	$04,$4c,$45,$4e,$a8           	; $ 8d LEN(
>c414	04 41 42 53 a8				.byte	$04,$41,$42,$53,$a8           	; $ 8e ABS(
>c419	04 53 47 4e a8				.byte	$04,$53,$47,$4e,$a8           	; $ 8f SGN(
>c41e	04 56 41 4c a8				.byte	$04,$56,$41,$4c,$a8           	; $ 90 VAL(
>c423	05 53 54 52 24 a8			.byte	$05,$53,$54,$52,$24,$a8       	; $ 91 STR$(
>c429	05 4d 49 44 24 a8			.byte	$05,$4d,$49,$44,$24,$a8       	; $ 92 MID$(
>c42f	06 4c 45 46 54 24 a8			.byte	$06,$4c,$45,$46,$54,$24,$a8   	; $ 93 LEFT$(
>c436	07 52 49 47 48 54 24 a8			.byte	$07,$52,$49,$47,$48,$54,$24,$a8	; $ 94 RIGHT$(
>c43e	04 53 49 4e a8				.byte	$04,$53,$49,$4e,$a8           	; $ 95 SIN(
>c443	04 43 4f 53 a8				.byte	$04,$43,$4f,$53,$a8           	; $ 96 COS(
>c448	04 54 41 4e a8				.byte	$04,$54,$41,$4e,$a8           	; $ 97 TAN(
>c44d	05 41 54 41 4e a8			.byte	$05,$41,$54,$41,$4e,$a8       	; $ 98 ATAN(
>c453	05 53 51 52 54 a8			.byte	$05,$53,$51,$52,$54,$a8       	; $ 99 SQRT(
>c459	04 4c 4f 47 a8				.byte	$04,$4c,$4f,$47,$a8           	; $ 9a LOG(
>c45e	04 45 58 50 a8				.byte	$04,$45,$58,$50,$a8           	; $ 9b EXP(
>c463	04 4b 45 59 a8				.byte	$04,$4b,$45,$59,$a8           	; $ 9c KEY(
>c468	00					.byte	$00                           	; $ 9d
>c469	00					.byte	$00                           	; $ 9e
>c46a	00					.byte	$00                           	; $ 9f
>c46b	00					.byte	$00                           	; $ a0
>c46c	00					.byte	$00                           	; $ a1
>c46d	00					.byte	$00                           	; $ a2
>c46e	00					.byte	$00                           	; $ a3
>c46f	00					.byte	$00                           	; $ a4
>c470	00					.byte	$00                           	; $ a5
>c471	00					.byte	$00                           	; $ a6
>c472	00					.byte	$00                           	; $ a7
>c473	00					.byte	$00                           	; $ a8
>c474	00					.byte	$00                           	; $ a9
>c475	00					.byte	$00                           	; $ aa
>c476	00					.byte	$00                           	; $ ab
>c477	00					.byte	$00                           	; $ ac
>c478	00					.byte	$00                           	; $ ad
>c479	00					.byte	$00                           	; $ ae
>c47a	00					.byte	$00                           	; $ af
>c47b	05 57 48 49 4c c5			.byte	$05,$57,$48,$49,$4c,$c5       	; $ b0 WHILE
>c481	04 57 45 4e c4				.byte	$04,$57,$45,$4e,$c4           	; $ b1 WEND
>c486	02 49 c6				.byte	$02,$49,$c6                   	; $ b2 IF
>c489	05 45 4e 44 49 c6			.byte	$05,$45,$4e,$44,$49,$c6       	; $ b3 ENDIF
>c48f	02 44 cf				.byte	$02,$44,$cf                   	; $ b4 DO
>c492	04 4c 4f 4f d0				.byte	$04,$4c,$4f,$4f,$d0           	; $ b5 LOOP
>c497	06 52 45 50 45 41 d4			.byte	$06,$52,$45,$50,$45,$41,$d4   	; $ b6 REPEAT
>c49e	05 55 4e 54 49 cc			.byte	$05,$55,$4e,$54,$49,$cc       	; $ b7 UNTIL
>c4a4	04 50 52 4f c3				.byte	$04,$50,$52,$4f,$c3           	; $ b8 PROC
>c4a9	07 45 4e 44 50 52 4f c3			.byte	$07,$45,$4e,$44,$50,$52,$4f,$c3	; $ b9 ENDPROC
>c4b1	03 46 4f d2				.byte	$03,$46,$4f,$d2               	; $ ba FOR
>c4b5	04 4e 45 58 d4				.byte	$04,$4e,$45,$58,$d4           	; $ bb NEXT
>c4ba	04 43 41 53 c5				.byte	$04,$43,$41,$53,$c5           	; $ bc CASE
>c4bf	07 45 4e 44 43 41 53 c5			.byte	$07,$45,$4e,$44,$43,$41,$53,$c5	; $ bd ENDCASE
>c4c7	00					.byte	$00                           	; $ be
>c4c8	04 54 48 45 ce				.byte	$04,$54,$48,$45,$ce           	; $ bf THEN
>c4cd	00					.byte	$00                           	; $ c0
>c4ce	00					.byte	$00                           	; $ c1
>c4cf	00					.byte	$00                           	; $ c2
>c4d0	00					.byte	$00                           	; $ c3
>c4d1	02 54 cf				.byte	$02,$54,$cf                   	; $ c4 TO
>c4d4	03 4c 45 d4				.byte	$03,$4c,$45,$d4               	; $ c5 LET
>c4d8	05 50 52 49 4e d4			.byte	$05,$50,$52,$49,$4e,$d4       	; $ c6 PRINT
>c4de	05 49 4e 50 55 d4			.byte	$05,$49,$4e,$50,$55,$d4       	; $ c7 INPUT
>c4e4	04 43 41 4c cc				.byte	$04,$43,$41,$4c,$cc           	; $ c8 CALL
>c4e9	03 53 59 d3				.byte	$03,$53,$59,$d3               	; $ c9 SYS
>c4ed	04 45 58 49 d4				.byte	$04,$45,$58,$49,$d4           	; $ ca EXIT
>c4f2	01 ac					.byte	$01,$ac                       	; $ cb ,
>c4f4	01 bb					.byte	$01,$bb                       	; $ cc ;
>c4f6	01 ba					.byte	$01,$ba                       	; $ cd :
>c4f8	01 a7					.byte	$01,$a7                       	; $ ce '
>c4fa	01 a9					.byte	$01,$a9                       	; $ cf )
>c4fc	04 52 45 41 c4				.byte	$04,$52,$45,$41,$c4           	; $ d0 READ
>c501	04 44 41 54 c1				.byte	$04,$44,$41,$54,$c1           	; $ d1 DATA
>c506	01 db					.byte	$01,$db                       	; $ d2 [
>c508	01 dd					.byte	$01,$dd                       	; $ d3 ]
>c50a	01 a3					.byte	$01,$a3                       	; $ d4 #
>c50c	01 ae					.byte	$01,$ae                       	; $ d5 .
>c50e	04 45 4c 53 c5				.byte	$04,$45,$4c,$53,$c5           	; $ d6 ELSE
>c513	04 57 48 45 ce				.byte	$04,$57,$48,$45,$ce           	; $ d7 WHEN
>c518	06 44 4f 57 4e 54 cf			.byte	$06,$44,$4f,$57,$4e,$54,$cf   	; $ d8 DOWNTO
>c51f	ff					.byte	$FF
.c520					Shift1TokenText:
>c520	05 43 4c 45 41 d2			.byte	$05,$43,$4c,$45,$41,$d2       	; $180 CLEAR
>c526	03 4e 45 d7				.byte	$03,$4e,$45,$d7               	; $181 NEW
>c52a	03 52 55 ce				.byte	$03,$52,$55,$ce               	; $182 RUN
>c52e	04 53 54 4f d0				.byte	$04,$53,$54,$4f,$d0           	; $183 STOP
>c533	03 45 4e c4				.byte	$03,$45,$4e,$c4               	; $184 END
>c537	06 41 53 53 45 52 d4			.byte	$06,$41,$53,$53,$45,$52,$d4   	; $185 ASSERT
>c53e	04 4c 49 53 d4				.byte	$04,$4c,$49,$53,$d4           	; $186 LIST
>c543	04 53 41 56 c5				.byte	$04,$53,$41,$56,$c5           	; $187 SAVE
>c548	04 4c 4f 41 c4				.byte	$04,$4c,$4f,$41,$c4           	; $188 LOAD
>c54d	05 47 4f 53 55 c2			.byte	$05,$47,$4f,$53,$55,$c2       	; $189 GOSUB
>c553	04 47 4f 54 cf				.byte	$04,$47,$4f,$54,$cf           	; $18a GOTO
>c558	06 52 45 54 55 52 ce			.byte	$06,$52,$45,$54,$55,$52,$ce   	; $18b RETURN
>c55f	07 52 45 53 54 4f 52 c5			.byte	$07,$52,$45,$53,$54,$4f,$52,$c5	; $18c RESTORE
>c567	03 44 49 cd				.byte	$03,$44,$49,$cd               	; $18d DIM
>c56b	ff					.byte	$FF
.c56c					BinaryPrecedence:
>c56c	03					.byte	3		; +
>c56d	03					.byte	3		; -
>c56e	04					.byte	4		; *
>c56f	04					.byte	4		; /
>c570	04					.byte	4		; >>
>c571	04					.byte	4		; <<
>c572	04					.byte	4		; %
>c573	04					.byte	4		; \
>c574	01					.byte	1		; &
>c575	01					.byte	1		; |
>c576	01					.byte	1		; ^
>c577	02					.byte	2		; >
>c578	02					.byte	2		; >=
>c579	02					.byte	2		; <
>c57a	02					.byte	2		; <=
>c57b	02					.byte	2		; <>
>c57c	02					.byte	2		; =
>c57d	05					.byte	5		; !
>c57e	05					.byte	5		; ?

;******  Return to file: _include.inc


;******  Processing file: sources/generated/vectors_binary.asm

.c57f					BinaryVectorTable:
>c57f	63 c1					.word	BinaryAdd                ; $20 +
>c581	70 c1					.word	BinaryMinus              ; $21 -
>c583	7d c1					.word	BinaryTimes              ; $22 *
>c585	8a c1					.word	BinaryFDiv               ; $23 /
>c587	d9 c0					.word	BinaryShiftRight         ; $24 >>
>c589	d6 c0					.word	BinaryShiftLeft          ; $25 <<
>c58b	ad c1					.word	BinaryModulus            ; $26 %
>c58d	a1 c1					.word	BinaryUDiv               ; $27 \
>c58f	73 c0					.word	BinaryAnd                ; $28 &
>c591	b5 c0					.word	BinaryOr                 ; $29 |
>c593	94 c0					.word	BinaryXor                ; $2a ^
>c595	38 c0					.word	CMPCompareGreater        ; $2b >
>c597	53 c0					.word	CMPCompareGreaterEqual   ; $2c >=
>c599	2f c0					.word	CMPCompareLess           ; $2d <
>c59b	4a c0					.word	CMPCompareLessEqual      ; $2e <=
>c59d	41 c0					.word	CMPCompareNotEqual       ; $2f <>
>c59f	26 c0					.word	CMPCompareEqual          ; $30 =
>c5a1	19 c1					.word	BinRefWord               ; $31 !
>c5a3	1d c1					.word	BinRefByte               ; $32 ?

;******  Return to file: _include.inc


;******  Processing file: sources/generated/vectors_extended.asm

.c5a5					ExtendedVectorTable:
>c5a5	0d c8					.word	Unimplemented            ; $180 clear
>c5a7	0d c8					.word	Unimplemented            ; $181 new
>c5a9	0d c8					.word	Unimplemented            ; $182 run
>c5ab	0d c8					.word	Unimplemented            ; $183 stop
>c5ad	0d c8					.word	Unimplemented            ; $184 end
>c5af	0d c8					.word	Unimplemented            ; $185 assert
>c5b1	0d c8					.word	Unimplemented            ; $186 list
>c5b3	0d c8					.word	Unimplemented            ; $187 save
>c5b5	0d c8					.word	Unimplemented            ; $188 load
>c5b7	0d c8					.word	Unimplemented            ; $189 gosub
>c5b9	0d c8					.word	Unimplemented            ; $18a goto
>c5bb	0d c8					.word	Unimplemented            ; $18b return
>c5bd	0d c8					.word	Unimplemented            ; $18c restore
>c5bf	0d c8					.word	Unimplemented            ; $18d dim

;******  Return to file: _include.inc


;******  Processing file: sources/generated/vectors_standard.asm

.c5c1					StandardVectorTable:
>c5c1	0d c8					.word	Unimplemented            ; $80 !!str
>c5c3	0d c8					.word	Unimplemented            ; $81 $
>c5c5	51 c3					.word	UnaryParenthesis         ; $82 (
>c5c7	0d c8					.word	Unimplemented            ; $83 rand(
>c5c9	0d c8					.word	Unimplemented            ; $84 rnd(
>c5cb	0d c8					.word	Unimplemented            ; $85 isval(
>c5cd	0d c8					.word	Unimplemented            ; $86 int(
>c5cf	0d c8					.word	Unimplemented            ; $87 time
>c5d1	0d c8					.word	Unimplemented            ; $88 event(
>c5d3	0d c8					.word	Unimplemented            ; $89 inkey$(
>c5d5	0d c8					.word	Unimplemented            ; $8a asc(
>c5d7	0d c8					.word	Unimplemented            ; $8b chr$(
>c5d9	0d c8					.word	Unimplemented            ; $8c sqr(
>c5db	0d c8					.word	Unimplemented            ; $8d len(
>c5dd	0d c8					.word	Unimplemented            ; $8e abs(
>c5df	0d c8					.word	Unimplemented            ; $8f sgn(
>c5e1	0d c8					.word	Unimplemented            ; $90 val(
>c5e3	0d c8					.word	Unimplemented            ; $91 str$(
>c5e5	0d c8					.word	Unimplemented            ; $92 mid$(
>c5e7	0d c8					.word	Unimplemented            ; $93 left$(
>c5e9	0d c8					.word	Unimplemented            ; $94 right$(
>c5eb	0d c8					.word	Unimplemented            ; $95 sin(
>c5ed	0d c8					.word	Unimplemented            ; $96 cos(
>c5ef	0d c8					.word	Unimplemented            ; $97 tan(
>c5f1	0d c8					.word	Unimplemented            ; $98 atan(
>c5f3	0d c8					.word	Unimplemented            ; $99 sqrt(
>c5f5	0d c8					.word	Unimplemented            ; $9a log(
>c5f7	0d c8					.word	Unimplemented            ; $9b exp(
>c5f9	0d c8					.word	Unimplemented            ; $9c key(
>c5fb	0d c8					.word	Unimplemented            ; $9d
>c5fd	0d c8					.word	Unimplemented            ; $9e
>c5ff	0d c8					.word	Unimplemented            ; $9f
>c601	0d c8					.word	Unimplemented            ; $a0
>c603	0d c8					.word	Unimplemented            ; $a1
>c605	0d c8					.word	Unimplemented            ; $a2
>c607	0d c8					.word	Unimplemented            ; $a3
>c609	0d c8					.word	Unimplemented            ; $a4
>c60b	0d c8					.word	Unimplemented            ; $a5
>c60d	0d c8					.word	Unimplemented            ; $a6
>c60f	0d c8					.word	Unimplemented            ; $a7
>c611	0d c8					.word	Unimplemented            ; $a8
>c613	0d c8					.word	Unimplemented            ; $a9
>c615	0d c8					.word	Unimplemented            ; $aa
>c617	0d c8					.word	Unimplemented            ; $ab
>c619	0d c8					.word	Unimplemented            ; $ac
>c61b	0d c8					.word	Unimplemented            ; $ad
>c61d	0d c8					.word	Unimplemented            ; $ae
>c61f	0d c8					.word	Unimplemented            ; $af
>c621	0d c8					.word	Unimplemented            ; $b0 while
>c623	0d c8					.word	Unimplemented            ; $b1 wend
>c625	0d c8					.word	Unimplemented            ; $b2 if
>c627	0d c8					.word	Unimplemented            ; $b3 endif
>c629	0d c8					.word	Unimplemented            ; $b4 do
>c62b	0d c8					.word	Unimplemented            ; $b5 loop
>c62d	0d c8					.word	Unimplemented            ; $b6 repeat
>c62f	0d c8					.word	Unimplemented            ; $b7 until
>c631	0d c8					.word	Unimplemented            ; $b8 proc
>c633	0d c8					.word	Unimplemented            ; $b9 endproc
>c635	0d c8					.word	Unimplemented            ; $ba for
>c637	0d c8					.word	Unimplemented            ; $bb next
>c639	0d c8					.word	Unimplemented            ; $bc case
>c63b	0d c8					.word	Unimplemented            ; $bd endcase
>c63d	0d c8					.word	Unimplemented            ; $be !!un1
>c63f	0d c8					.word	Unimplemented            ; $bf then
>c641	0d c8					.word	Unimplemented            ; $c0 !!end
>c643	0d c8					.word	Unimplemented            ; $c1 !!sh1
>c645	0d c8					.word	Unimplemented            ; $c2 !!sh2
>c647	0d c8					.word	Unimplemented            ; $c3 !!dec
>c649	0d c8					.word	Unimplemented            ; $c4 to
>c64b	0d c8					.word	Unimplemented            ; $c5 let
>c64d	0d c8					.word	Unimplemented            ; $c6 print
>c64f	0d c8					.word	Unimplemented            ; $c7 input
>c651	0d c8					.word	Unimplemented            ; $c8 call
>c653	0d c8					.word	Unimplemented            ; $c9 sys
>c655	0d c8					.word	Unimplemented            ; $ca exit
>c657	0d c8					.word	Unimplemented            ; $cb ,
>c659	0d c8					.word	Unimplemented            ; $cc ;
>c65b	0d c8					.word	Unimplemented            ; $cd :
>c65d	0d c8					.word	Unimplemented            ; $ce '
>c65f	0d c8					.word	Unimplemented            ; $cf )
>c661	0d c8					.word	Unimplemented            ; $d0 read
>c663	0d c8					.word	Unimplemented            ; $d1 data
>c665	0d c8					.word	Unimplemented            ; $d2 [
>c667	0d c8					.word	Unimplemented            ; $d3 ]
>c669	0d c8					.word	Unimplemented            ; $d4 #
>c66b	0d c8					.word	Unimplemented            ; $d5 .
>c66d	0d c8					.word	Unimplemented            ; $d6 else
>c66f	0d c8					.word	Unimplemented            ; $d7 when
>c671	0d c8					.word	Unimplemented            ; $d8 downto

;******  Return to file: _include.inc


;******  Processing file: sources/support/errors/syntax.asm

.c673					ERRCheckLParen:
.c673	b1 3a		lda ($3a),y			lda 	(CodePtr),y
.c675	c9 82		cmp #$82			cmp 	#KWD_LPAREN
.c677	d0 18		bne $c691			bne 	ERRSyntaxError
.c679	c8		iny				iny
.c67a	60		rts				rts
.c67b					ERRCheckRParen:
.c67b	b1 3a		lda ($3a),y			lda 	(CodePtr),y
.c67d	c9 cf		cmp #$cf			cmp 	#KWD_RPAREN
.c67f	d0 10		bne $c691			bne 	ERRSyntaxError
.c681	c8		iny				iny
.c682	60		rts				rts
.c683					ERRCheckComma:
.c683	b1 3a		lda ($3a),y			lda 	(CodePtr),y
.c685	c9 cb		cmp #$cb			cmp 	#KWD_COMMA
.c687	d0 08		bne $c691			bne 	ERRSyntaxError
.c689	c8		iny				iny
.c68a	60		rts				rts
.c68b					ERRCheckA:
.c68b	d1 3a		cmp ($3a),y			cmp 	(codePtr),y
.c68d	d0 02		bne $c691			bne 	ERRSyntaxError
.c68f	c8		iny				iny
.c690	60		rts				rts
.c691					ERRSyntaxError:
.c691	a9 01		lda #$01		lda	#1
.c693	4c 0f c8	jmp $c80f		jmp	ErrorHandler

;******  Return to file: _include.inc


;******  Return to file: basic.asm

.c80d					Unimplemented:
.c80d	a9 ff		lda #$ff			lda 	#$FF
.c80f					ErrorHandler:
.c80f	a2 ee		ldx #$ee			ldx 	#$EE
.c811	a0 ee		ldy #$ee			ldy 	#$EE
>c813	03						.byte 	3
.c814					_EHLoop:
.c814	80 fe		bra $c814			bra 	_EHLoop
>c696							.align 	256
.c700					Program:
>c700	01 00 00 00 00 00 00 00				.binary "build/tokenised.dat"
>c708	00 00 00 00 00 00 00 00 00 00 00 00 00 00 00 00
;	...repeated 14 times (224 bytes)...
>c7f8	00 00 00 00 00 00 00 00 0c 64 00 c6 82 42 20 43
>c808	cf 22 44 c0 00

;******  End of listing
